<?xml version="1.0" encoding="UTF-8"?>
<testng-results skipped="0" failed="0" ignored="0" total="1" passed="1">
  <reporter-output>
  </reporter-output>
  <suite name="Default suite" duration-ms="6151" started-at="2020-01-16T21:14:34 IST" finished-at="2020-01-16T21:14:40 IST">
    <groups>
    </groups>
    <test name="Default test" duration-ms="6151" started-at="2020-01-16T21:14:34 IST" finished-at="2020-01-16T21:14:40 IST">
      <class name="getTests.SampleTest">
        <test-method status="PASS" signature="GetUserDetails()[pri:0, instance:getTests.SampleTest@185d8b6]" name="GetUserDetails" duration-ms="6097" started-at="2020-01-16T21:14:34 IST" finished-at="2020-01-16T21:14:40 IST">
          <reporter-output>
          </reporter-output>
        </test-method> <!-- GetUserDetails -->
      </class> <!-- getTests.SampleTest -->
    </test> <!-- Default test -->
  </suite> <!-- Default suite -->
</testng-results>
