<?xml version="1.0" encoding="UTF-8"?>
<testng-results skipped="0" failed="0" ignored="0" total="1" passed="1">
  <reporter-output>
  </reporter-output>
  <suite name="Default suite" duration-ms="156138" started-at="2019-11-13T18:26:15Z" finished-at="2019-11-13T18:28:51Z">
    <groups>
    </groups>
    <test name="Default test" duration-ms="156138" started-at="2019-11-13T18:26:15Z" finished-at="2019-11-13T18:28:51Z">
      <class name="com.aapium.setUp.AppLaunch">
        <test-method status="PASS" signature="AppLaunchTest()[pri:0, instance:com.aapium.setUp.AppLaunch@66a3ffec]" name="AppLaunchTest" duration-ms="156100" started-at="2019-11-13T18:26:15Z" finished-at="2019-11-13T18:28:51Z">
          <reporter-output>
          </reporter-output>
        </test-method> <!-- AppLaunchTest -->
      </class> <!-- com.aapium.setUp.AppLaunch -->
    </test> <!-- Default test -->
  </suite> <!-- Default suite -->
</testng-results>
