<?xml version="1.0" encoding="UTF-8"?>
<testng-results skipped="0" failed="0" ignored="0" total="1" passed="1">
  <reporter-output>
  </reporter-output>
  <suite name="Default suite" duration-ms="5168" started-at="2019-12-05T15:50:08Z" finished-at="2019-12-05T15:50:14Z">
    <groups>
    </groups>
    <test name="Default test" duration-ms="5168" started-at="2019-12-05T15:50:08Z" finished-at="2019-12-05T15:50:14Z">
      <class name="alteroAppTest.End2EndRegression">
        <test-method status="PASS" signature="initiateDriver()[pri:0, instance:alteroAppTest.End2EndRegression@26a7b76d]" name="initiateDriver" is-config="true" duration-ms="4147" started-at="2019-12-05T15:50:08Z" finished-at="2019-12-05T15:50:12Z">
          <reporter-output>
          </reporter-output>
        </test-method> <!-- initiateDriver -->
        <test-method status="PASS" signature="LoginTest()[pri:0, instance:alteroAppTest.End2EndRegression@26a7b76d]" name="LoginTest" duration-ms="1009" started-at="2019-12-05T15:50:12Z" finished-at="2019-12-05T15:50:14Z">
          <reporter-output>
          </reporter-output>
        </test-method> <!-- LoginTest -->
        <test-method status="PASS" signature="closeBrowser()[pri:0, instance:alteroAppTest.End2EndRegression@26a7b76d]" name="closeBrowser" is-config="true" duration-ms="3" started-at="2019-12-05T15:50:14Z" finished-at="2019-12-05T15:50:14Z">
          <reporter-output>
          </reporter-output>
        </test-method> <!-- closeBrowser -->
      </class> <!-- alteroAppTest.End2EndRegression -->
    </test> <!-- Default test -->
  </suite> <!-- Default suite -->
</testng-results>
