<?xml version="1.0" encoding="UTF-8"?>
<!-- Generated by org.testng.reporters.JUnitXMLReporter -->
<testsuite hostname="WKWIN4983590" ignored="0" name="Default test" tests="3" failures="0" timestamp="2020-02-10T15:34:57 IST" time="24.716" errors="0">
  <testcase name="allTabNav" time="2.009" classname="angularPOC.NavTest"/>
  <testcase name="InventoryTest" time="5.136" classname="angularPOC.NavTest"/>
  <testcase name="QualitiesTest" time="5.622" classname="angularPOC.NavTest"/>
</testsuite> <!-- Default test -->
