<?xml version="1.0" encoding="UTF-8"?>
<!-- Generated by org.testng.reporters.JUnitXMLReporter -->
<testsuite hostname="WKWIN4983590" ignored="3" name="Default test" tests="1" failures="0" timestamp="2020-02-18T15:35:04 IST" time="9.009" errors="0">
  <testcase name="TestdataTest" time="0.017" classname="angularPOC.NavTest"/>
  <testcase name="QualitiesTest" time="0.0" classname="angularPOC.NavTest">
    <ignored/>
  </testcase> <!-- QualitiesTest -->
  <testcase name="InventoryTest" time="0.0" classname="angularPOC.NavTest">
    <ignored/>
  </testcase> <!-- InventoryTest -->
  <testcase name="allTabNav" time="0.0" classname="angularPOC.NavTest">
    <ignored/>
  </testcase> <!-- allTabNav -->
</testsuite> <!-- Default test -->
